2021-12-25 01:25:53.085  INFO 4024 --- [restartedMain] c.g.GrowmoreAnalystServiceApplication    : Starting GrowmoreAnalystServiceApplication using Java 11.0.12 on Srimanth with PID 4024 (C:\Users\SrimanthChinta\training\Spring\GrowMore\growmore-analyst-service\target\classes started by SrimanthChinta in C:\Users\SrimanthChinta\training\Spring\GrowMore)
2021-12-25 01:25:53.086 DEBUG 4024 --- [restartedMain] c.g.GrowmoreAnalystServiceApplication    : Running with Spring Boot v2.5.8, Spring v5.3.14
2021-12-25 01:25:53.088  INFO 4024 --- [restartedMain] c.g.GrowmoreAnalystServiceApplication    : No active profile set, falling back to default profiles: default
2021-12-25 01:25:53.149  INFO 4024 --- [restartedMain] o.s.b.context.config.ConfigDataLoader    : Fetching config from server at : http://localhost:8888/
2021-12-25 01:25:53.151  INFO 4024 --- [restartedMain] o.s.b.context.config.ConfigDataLoader    : Located environment: name=ANALYST-SERVICE, profiles=[default], label=null, version=90a771724c6774a24059a561524e0bb432a9ab08, state=null
2021-12-25 01:25:53.152  INFO 4024 --- [restartedMain] .e.DevToolsPropertyDefaultsPostProcessor : Devtools property defaults active! Set 'spring.devtools.add-properties' to 'false' to disable
2021-12-25 01:25:53.153  INFO 4024 --- [restartedMain] .e.DevToolsPropertyDefaultsPostProcessor : For additional web related logging consider setting the 'logging.level.web' property to 'DEBUG'
2021-12-25 01:25:54.651  INFO 4024 --- [restartedMain] .s.d.r.c.RepositoryConfigurationDelegate : Bootstrapping Spring Data JPA repositories in DEFAULT mode.
2021-12-25 01:25:54.931  INFO 4024 --- [restartedMain] .s.d.r.c.RepositoryConfigurationDelegate : Finished Spring Data repository scanning in 268 ms. Found 1 JPA repository interfaces.
2021-12-25 01:25:55.351  INFO 4024 --- [restartedMain] o.s.cloud.context.scope.GenericScope     : BeanFactory id=a431dcb7-235e-366f-9cff-a0d2d98ccf4f
2021-12-25 01:25:56.490  INFO 4024 --- [restartedMain] o.s.b.w.embedded.tomcat.TomcatWebServer  : Tomcat initialized with port(s): 8083 (http)
2021-12-25 01:25:56.697  INFO 4024 --- [restartedMain] w.s.c.ServletWebServerApplicationContext : Root WebApplicationContext: initialization completed in 3544 ms
2021-12-25 01:25:56.845  WARN 4024 --- [restartedMain] c.n.c.sources.URLConfigurationSource     : No URLs will be polled as dynamic configuration sources.
2021-12-25 01:25:59.466  INFO 4024 --- [restartedMain] j.LocalContainerEntityManagerFactoryBean : Initialized JPA EntityManagerFactory for persistence unit 'default'
2021-12-25 01:25:59.489  WARN 4024 --- [restartedMain] c.n.c.sources.URLConfigurationSource     : No URLs will be polled as dynamic configuration sources.
2021-12-25 01:25:59.571  WARN 4024 --- [restartedMain] JpaBaseConfiguration$JpaWebConfiguration : spring.jpa.open-in-view is enabled by default. Therefore, database queries may be performed during view rendering. Explicitly configure spring.jpa.open-in-view to disable this warning
2021-12-25 01:26:01.002  WARN 4024 --- [restartedMain] o.s.b.d.a.OptionalLiveReloadServer       : Unable to start LiveReload server
2021-12-25 01:26:01.332  INFO 4024 --- [restartedMain] DiscoveryClientOptionalArgsConfiguration : Eureka HTTP Client uses Jersey
2021-12-25 01:26:01.474  WARN 4024 --- [restartedMain] iguration$LoadBalancerCaffeineWarnLogger : Spring Cloud LoadBalancer is currently working with the default cache. While this cache implementation is useful for development and tests, it's recommended to use Caffeine cache in production.You can switch to using Caffeine cache, by adding it and org.springframework.cache.caffeine.CaffeineCacheManager to the classpath.
2021-12-25 01:26:01.488  INFO 4024 --- [restartedMain] o.s.b.a.e.web.EndpointLinksResolver      : Exposing 1 endpoint(s) beneath base path '/actuator'
2021-12-25 01:26:01.529  INFO 4024 --- [restartedMain] o.s.c.n.eureka.InstanceInfoFactory       : Setting initial instance status as: STARTING
2021-12-25 01:26:02.501  INFO 4024 --- [restartedMain] o.s.c.n.e.s.EurekaServiceRegistry        : Registering application ANALYST-SERVICE with eureka with status UP
2021-12-25 01:26:02.539  INFO 4024 --- [restartedMain] o.s.b.w.embedded.tomcat.TomcatWebServer  : Tomcat started on port(s): 8083 (http) with context path ''
2021-12-25 01:26:02.540  INFO 4024 --- [restartedMain] .s.c.n.e.s.EurekaAutoServiceRegistration : Updating port to 8083
2021-12-25 01:26:02.916  INFO 4024 --- [restartedMain] c.g.GrowmoreAnalystServiceApplication    : Started GrowmoreAnalystServiceApplication in 12.27 seconds (JVM running for 13.805)
